<?xml version="1.0" encoding="UTF-8"?>
<!-- Generated by org.testng.reporters.JUnitReportReporter -->
<testsuite skipped="0" hostname="Maheshs-Lenovo" name="com.nopcommerce.testcases.TC_SearchCustomerByName_005" tests="1" failures="0" timestamp="24 Sep 2020 12:40:16 GMT" time="18.953" errors="0">
  <testcase name="searchCustomerbyName" time="18.953" classname="com.nopcommerce.testcases.TC_SearchCustomerByName_005"/>
</testsuite> <!-- com.nopcommerce.testcases.TC_SearchCustomerByName_005 -->
