<?xml version="1.0" encoding="UTF-8"?>
<!-- Generated by org.testng.reporters.JUnitReportReporter -->
<testsuite skipped="0" hostname="Maheshs-Lenovo" name="com.nopcommerce.testcases.TC_LoginDDT_002" tests="4" failures="0" timestamp="23 Sep 2020 12:38:49 GMT" time="50.457" errors="0">
  <testcase name="loginTest" time="21.925" classname="com.nopcommerce.testcases.TC_LoginDDT_002"/>
  <testcase name="loginTest" time="9.052" classname="com.nopcommerce.testcases.TC_LoginDDT_002"/>
  <testcase name="loginTest" time="9.715" classname="com.nopcommerce.testcases.TC_LoginDDT_002"/>
  <testcase name="loginTest" time="9.765" classname="com.nopcommerce.testcases.TC_LoginDDT_002"/>
</testsuite> <!-- com.nopcommerce.testcases.TC_LoginDDT_002 -->
