<?xml version="1.0" encoding="UTF-8"?>
<!-- Generated by org.testng.reporters.JUnitReportReporter -->
<testsuite skipped="0" hostname="Maheshs-Lenovo" name="com.nopcommerce.testcases.TC_SearchCustomerByEmail_004" tests="1" failures="0" timestamp="24 Sep 2020 12:40:16 GMT" time="16.611" errors="0">
  <testcase name="searchCustomerbyEmail" time="16.611" classname="com.nopcommerce.testcases.TC_SearchCustomerByEmail_004"/>
</testsuite> <!-- com.nopcommerce.testcases.TC_SearchCustomerByEmail_004 -->
