<?xml version="1.0" encoding="UTF-8"?>
<!-- Generated by org.testng.reporters.JUnitReportReporter -->
<testsuite skipped="0" hostname="Maheshs-Lenovo" name="com.nopcommerce.testcases.TC_SearchCustomerByName_005" tests="1" failures="0" timestamp="25 Sep 2020 10:39:25 GMT" time="24.496" errors="0">
  <testcase name="searchCustomerbyName" time="24.496" classname="com.nopcommerce.testcases.TC_SearchCustomerByName_005"/>
</testsuite> <!-- com.nopcommerce.testcases.TC_SearchCustomerByName_005 -->
