<?xml version="1.0" encoding="UTF-8"?>
<!-- Generated by org.testng.reporters.JUnitReportReporter -->
<testsuite skipped="0" hostname="Maheshs-Lenovo" name="com.nopcommerce.testcases.TC_LoginTest_001" tests="1" failures="0" timestamp="25 Sep 2020 10:39:25 GMT" time="20.313" errors="0">
  <testcase name="loginTest" time="20.313" classname="com.nopcommerce.testcases.TC_LoginTest_001"/>
</testsuite> <!-- com.nopcommerce.testcases.TC_LoginTest_001 -->
